C51 COMPILER V9.56.0.0   BSP_INIT                                                          04/04/2021 08:55:28 PAGE 1   


C51 COMPILER V9.56.0.0, COMPILATION OF MODULE BSP_INIT
OBJECT MODULE PLACED IN .\Objects\bsp_init.obj
COMPILER INVOKED BY: D:\10.1 keil51\C51\BIN\C51.EXE ..\Driver\bsp_init.c OPTIMIZE(8,SPEED) BROWSE INCDIR(..\Driver;..\Sy
                    -s) DEBUG OBJECTEXTEND PRINT(.\Listings\bsp_init.lst) TABS(2) OBJECT(.\Objects\bsp_init.obj)

line level    source

   1          #include "bsp_init.h"
   2          
   3          void Cls_Peripheral(void)
   4          {
   5   1        
   6   1        P0 = 0XFF;
   7   1        P2 = P2 & 0X1F | 0x80;//led
   8   1        P2 &= 0X1F;
   9   1        
  10   1        P0 = 0X00;
  11   1        P2 = P2 & 0X1F | 0xA0;//beep relay
  12   1        P2 &= 0X1F;
  13   1      
  14   1      }
  15          
  16          
  17          
  18          
  19          


MODULE INFORMATION:   STATIC OVERLAYABLE
   CODE SIZE        =     29    ----
   CONSTANT SIZE    =   ----    ----
   XDATA SIZE       =   ----    ----
   PDATA SIZE       =   ----    ----
   DATA SIZE        =   ----    ----
   IDATA SIZE       =   ----    ----
   BIT SIZE         =   ----    ----
END OF MODULE INFORMATION.


C51 COMPILATION COMPLETE.  0 WARNING(S),  0 ERROR(S)
