C51 COMPILER V9.56.0.0   BSP_555_PWM_FREQ                                                  04/04/2021 09:08:19 PAGE 1   


C51 COMPILER V9.56.0.0, COMPILATION OF MODULE BSP_555_PWM_FREQ
OBJECT MODULE PLACED IN .\Objects\bsp_555_PWM_Freq.obj
COMPILER INVOKED BY: D:\10.1 keil51\C51\BIN\C51.EXE ..\Driver\bsp_555_PWM_Freq.c OPTIMIZE(8,SPEED) BROWSE INCDIR(..\Driv
                    -er;..\Sys) DEBUG OBJECTEXTEND PRINT(.\Listings\bsp_555_PWM_Freq.lst) TABS(2) OBJECT(.\Objects\bsp_555_PWM_Freq.obj)

line level    source

   1          #include "bsp_555_PWM_Freq.h"
   2          
   3          void PWM_555_Freq_Timer0Init(void)    //配置成了计数器模式，不自动重装
   4          {
   5   1        TMOD &= 0xF0;   
   6   1        TMOD |= 0x05;    
   7   1        
   8   1        TL0 = 0;    //设置定时初值
   9   1        TH0 = 0;    //设置定时初值
  10   1        
  11   1        TR0 = 1;    //定时器0开始计时
  12   1      }
  13          
  14          
  15          


MODULE INFORMATION:   STATIC OVERLAYABLE
   CODE SIZE        =     14    ----
   CONSTANT SIZE    =   ----    ----
   XDATA SIZE       =   ----    ----
   PDATA SIZE       =   ----    ----
   DATA SIZE        =   ----    ----
   IDATA SIZE       =   ----    ----
   BIT SIZE         =   ----    ----
END OF MODULE INFORMATION.


C51 COMPILATION COMPLETE.  0 WARNING(S),  0 ERROR(S)
