C51 COMPILER V9.56.0.0   TIMER                                                             04/04/2021 22:36:00 PAGE 1   


C51 COMPILER V9.56.0.0, COMPILATION OF MODULE TIMER
OBJECT MODULE PLACED IN .\Objects\Timer.obj
COMPILER INVOKED BY: D:\10.1 keil51\C51\BIN\C51.EXE ..\Sys\Timer.c OPTIMIZE(8,SPEED) BROWSE INCDIR(..\Driver;..\Sys) DEB
                    -UG OBJECTEXTEND PRINT(.\Listings\Timer.lst) TABS(2) OBJECT(.\Objects\Timer.obj)

line level    source

   1          #include "Timer.h"
   2          
   3          
   4          void Timer1Init(void)   //1毫秒@12.000MHz
   5          {
   6   1      //  AUXR &= 0xBF;   //定时器时钟12T模式
   7   1      //  TMOD &= 0x0F;   //设置定时器模式
   8   1      //  TL1 = 0x18;   //设置定时初值
   9   1      //  TH1 = 0xFC;   //设置定时初值
  10   1      //  TF1 = 0;    //清除TF1标志
  11   1      //  TR1 = 1;    //定时器1开始计时
  12   1        
  13   1        AUXR |= 0x40;   //定时器时钟1T模式
  14   1        TMOD &= 0x0F;   //设置定时器模式
  15   1        TL1 = 0x5C;   //设置定时初值
  16   1        TH1 = 0xF7;   //设置定时初值
  17   1        TF1 = 0;    //清除TF1标志
  18   1        TR1 = 1;    //定时器1开始计时
  19   1      //  
  20   1        
  21   1        
  22   1        
  23   1        ET1 = 1;
  24   1      }
  25          
  26          
  27          
  28          
  29          
  30          
  31          
  32          
  33          


MODULE INFORMATION:   STATIC OVERLAYABLE
   CODE SIZE        =     19    ----
   CONSTANT SIZE    =   ----    ----
   XDATA SIZE       =   ----    ----
   PDATA SIZE       =   ----    ----
   DATA SIZE        =   ----    ----
   IDATA SIZE       =   ----    ----
   BIT SIZE         =   ----    ----
END OF MODULE INFORMATION.


C51 COMPILATION COMPLETE.  0 WARNING(S),  0 ERROR(S)
