C51 COMPILER V9.56.0.0   BSP_DS1302                                                        03/08/2021 15:26:56 PAGE 1   


C51 COMPILER V9.56.0.0, COMPILATION OF MODULE BSP_DS1302
OBJECT MODULE PLACED IN .\Objects\bsp_ds1302.obj
COMPILER INVOKED BY: D:\10.1 keil51\C51\BIN\C51.EXE ..\Driver\bsp_ds1302.c OPTIMIZE(8,SPEED) BROWSE INCDIR(..\Driver;..\
                    -Sys) DEBUG OBJECTEXTEND PRINT(.\Listings\bsp_ds1302.lst) TABS(2) OBJECT(.\Objects\bsp_ds1302.obj)

line level    source

   1          /*
   2            程序说明: DS1302驱动程序
   3            软件环境: Keil uVision 4.10 
   4            硬件环境: CT107单片机综合实训平台 8051，12MHz
   5            日    期: 2011-8-9
   6          */
   7          
   8          #include "bsp_ds1302.h"
   9          
  10          
  11          sbit SCK=P1^7;    
  12          sbit SDA=P2^3;    
  13          sbit RST = P1^3;   // DS1302复位                        
  14          
  15          void Write_Ds1302(unsigned  char temp) 
  16          {
  17   1        unsigned char i;
  18   1        for (i=0;i<8;i++)       
  19   1        { 
  20   2          SCK=0;
  21   2          SDA=temp&0x01;
  22   2          temp>>=1; 
  23   2          SCK=1;
  24   2        }
  25   1      }   
  26          
  27          void Write_Ds1302_Byte( unsigned char address,unsigned char dat )     
  28          {
  29   1        RST=0;  _nop_();
  30   1        SCK=0;  _nop_();
  31   1        RST=1;  _nop_();  
  32   1        Write_Ds1302(address);  
  33   1        Write_Ds1302(dat);    
  34   1        RST=0; 
  35   1      }
  36          
  37          unsigned char Read_Ds1302_Byte ( unsigned char address )
  38          {
  39   1        unsigned char i,temp=0x00;
  40   1        RST=0;  _nop_();
  41   1        SCK=0;  _nop_();
  42   1        RST=1;  _nop_();
  43   1        Write_Ds1302(address);
  44   1        for (i=0;i<8;i++)   
  45   1        {   
  46   2          SCK=0;
  47   2          temp>>=1; 
  48   2          if(SDA)
  49   2          temp|=0x80; 
  50   2          SCK=1;
  51   2        } 
  52   1        RST=0;  _nop_();
  53   1        SCK=0;  _nop_();
  54   1        SCK=1;  _nop_();
C51 COMPILER V9.56.0.0   BSP_DS1302                                                        03/08/2021 15:26:56 PAGE 2   

  55   1        SDA=0;  _nop_();
  56   1        SDA=1;  _nop_();
  57   1        return (temp);      
  58   1      }
  59          
  60          //***************这一部分需要自己写
  61          void Set_Rtc(unsigned char *ucRtc)
  62          {
  63   1        unsigned char temp;
  64   1        
  65   1        Write_Ds1302_Byte(0x8e, 0);
  66   1        
  67   1        temp = (((ucRtc[0]/10)<<4)|(ucRtc[0]%10));
  68   1        Write_Ds1302_Byte(0x84, temp);  
  69   1        
  70   1        temp = (((ucRtc[1]/10)<<4)|(ucRtc[1]%10));
  71   1        Write_Ds1302_Byte(0x82, temp);  
  72   1      
  73   1        temp = (((ucRtc[2]/10)<<4)|(ucRtc[2]%10));
  74   1        Write_Ds1302_Byte(0x80, temp);  
  75   1        
  76   1        Write_Ds1302_Byte(0x8e, 0x80);  
  77   1      
  78   1      }
  79          
  80          void Read_Rtc(unsigned char *ucRtc)
  81          {
  82   1        unsigned char temp;
  83   1        
  84   1        temp = Read_Ds1302_Byte(0x85);
  85   1        ucRtc[0] = (((temp>>4)*10)+(temp&0x0f));
  86   1        
  87   1        temp = Read_Ds1302_Byte(0x83);
  88   1        ucRtc[1] = (((temp>>4)*10)+(temp&0x0f));  
  89   1        
  90   1        temp = Read_Ds1302_Byte(0x81);
  91   1        ucRtc[2] = (((temp>>4)*10)+(temp&0x0f));  
  92   1      
  93   1      }


MODULE INFORMATION:   STATIC OVERLAYABLE
   CODE SIZE        =    250    ----
   CONSTANT SIZE    =   ----    ----
   XDATA SIZE       =   ----    ----
   PDATA SIZE       =   ----    ----
   DATA SIZE        =   ----    ----
   IDATA SIZE       =   ----    ----
   BIT SIZE         =   ----    ----
END OF MODULE INFORMATION.


C51 COMPILATION COMPLETE.  0 WARNING(S),  0 ERROR(S)
