C51 COMPILER V9.56.0.0   BSP_IIC                                                           03/08/2021 16:01:56 PAGE 1   


C51 COMPILER V9.56.0.0, COMPILATION OF MODULE BSP_IIC
OBJECT MODULE PLACED IN .\Objects\bsp_iic.obj
COMPILER INVOKED BY: D:\10.1 keil51\C51\BIN\C51.EXE ..\Driver\bsp_iic.c OPTIMIZE(8,SPEED) BROWSE INCDIR(..\Driver;..\Sys
                    -) DEBUG OBJECTEXTEND PRINT(.\Listings\bsp_iic.lst) TABS(2) OBJECT(.\Objects\bsp_iic.obj)

line level    source

   1          /*
   2            程序说明: IIC总线驱动程序
   3            软件环境: Keil uVision 4.10 
   4            硬件环境: CT107单片机综合实训平台 8051，12MHz
   5            日    期: 2011-8-9
   6          */
   7          
   8          #include "bsp_iic.h"
   9          
  10          #define DELAY_TIME 5
  11          
  12          //#define SlaveAddrW 0xA0
  13          //#define SlaveAddrR 0xA1
  14          
  15          //总线引脚定义
  16          sbit SDA = P2^1;  /* 数据线 */
  17          sbit SCL = P2^0;  /* 时钟线 */
  18          
  19          void IIC_Delay(unsigned char i)
  20          {
  21   1          do{_nop_();}
  22   1          while(i--);        
  23   1      }
  24          //总线启动条件
  25          void IIC_Start(void)
  26          {
  27   1          SDA = 1;
  28   1          SCL = 1;
  29   1          IIC_Delay(DELAY_TIME);
  30   1          SDA = 0;
  31   1          IIC_Delay(DELAY_TIME);
  32   1          SCL = 0;  
  33   1      }
  34          
  35          //总线停止条件
  36          void IIC_Stop(void)
  37          {
  38   1          SDA = 0;
  39   1          SCL = 1;
  40   1          IIC_Delay(DELAY_TIME);
  41   1          SDA = 1;
  42   1          IIC_Delay(DELAY_TIME);
  43   1      }
  44          
  45          //发送应答
  46          void IIC_SendAck(bit ackbit)
  47          {
  48   1          SCL = 0;
  49   1          SDA = ackbit;           // 0：应答，1：非应答
  50   1          IIC_Delay(DELAY_TIME);
  51   1          SCL = 1;
  52   1          IIC_Delay(DELAY_TIME);
  53   1          SCL = 0; 
  54   1          SDA = 1;
C51 COMPILER V9.56.0.0   BSP_IIC                                                           03/08/2021 16:01:56 PAGE 2   

  55   1          IIC_Delay(DELAY_TIME);
  56   1      }
  57          
  58          //等待应答
  59          bit IIC_WaitAck(void)
  60          {
  61   1          bit ackbit;
  62   1        
  63   1          SCL  = 1;
  64   1          IIC_Delay(DELAY_TIME);
  65   1          ackbit = SDA;
  66   1          SCL = 0;
  67   1          IIC_Delay(DELAY_TIME);
  68   1          return ackbit;
  69   1      }
  70          
  71          //通过I2C总线发送数据
  72          void IIC_SendByte(unsigned char byt)
  73          {
  74   1          unsigned char i;
  75   1      
  76   1          for(i=0; i<8; i++)
  77   1          {
  78   2              SCL  = 0;
  79   2              IIC_Delay(DELAY_TIME);
  80   2              if(byt & 0x80) SDA  = 1;
  81   2              else SDA  = 0;
  82   2              IIC_Delay(DELAY_TIME);
  83   2              SCL = 1;
  84   2              byt <<= 1;
  85   2              IIC_Delay(DELAY_TIME);
  86   2          }
  87   1          SCL  = 0;  
  88   1      }
  89          
  90          //从I2C总线上接收数据
  91          unsigned char IIC_RecByte(void)
  92          {
  93   1          unsigned char i, da;
  94   1          for(i=0; i<8; i++)
  95   1          {   
  96   2            SCL = 1;
  97   2        IIC_Delay(DELAY_TIME);
  98   2        da <<= 1;
  99   2        if(SDA) da |= 1;
 100   2        SCL = 0;
 101   2        IIC_Delay(DELAY_TIME);
 102   2          }
 103   1          return da;    
 104   1      }
 105          
 106          //***************这一部分需要自己写---两个读的内容，对比记忆
 107          unsigned char Pcf8591_Adc(unsigned char channel_num_contrl)
 108          {
 109   1        unsigned char temp;
 110   1        
 111   1        IIC_Start();
 112   1        IIC_SendByte(0x90);
 113   1        IIC_WaitAck();
 114   1        
 115   1        IIC_SendByte(channel_num_contrl);
 116   1        IIC_WaitAck();  
C51 COMPILER V9.56.0.0   BSP_IIC                                                           03/08/2021 16:01:56 PAGE 3   

 117   1      
 118   1        //-------------先用写的形式访问，再用读的形式访问
 119   1        
 120   1        IIC_Start();
 121   1        IIC_SendByte(0x91);
 122   1        IIC_WaitAck();
 123   1      
 124   1        temp = IIC_RecByte();
 125   1        IIC_SendAck(1);
 126   1        IIC_Stop();
 127   1        
 128   1        return temp;
 129   1      }
 130          
 131          void EEPROM_Read (unsigned char *EEPROM_String, unsigned char addr, unsigned char num)
 132          {
 133   1      
 134   1        IIC_Start();
 135   1        IIC_SendByte(0XA0);
 136   1        IIC_WaitAck();
 137   1        
 138   1        IIC_SendByte(addr);
 139   1        IIC_WaitAck();  
 140   1      
 141   1        //-------------先用写的形式访问，再用读的形式访问
 142   1      
 143   1        IIC_Start();
 144   1        IIC_SendByte(0XA1);
 145   1        IIC_WaitAck();
 146   1      
 147   1        while(num--)
 148   1        {
 149   2        
 150   2          *EEPROM_String++ = IIC_RecByte();
 151   2          if(num)   IIC_SendAck(0);
 152   2          else  IIC_SendAck(1);
 153   2        }
 154   1        
 155   1        IIC_Stop();
 156   1      }
 157          
 158          
 159          
 160          
 161          //***************这一部分需要自己写---两个写的内容，对比记忆
 162          void Pcf8591_Dac(unsigned char trans_dat)
 163          {
 164   1      
 165   1        IIC_Start();
 166   1        IIC_SendByte(0x90);
 167   1        IIC_WaitAck();
 168   1        
 169   1        IIC_SendByte(0x41);
 170   1        IIC_WaitAck();  
 171   1        
 172   1        IIC_SendByte(trans_dat);
 173   1        IIC_WaitAck();  
 174   1        IIC_Stop();
 175   1      }
 176          
 177          void EEPROM_Write(unsigned char *EEPROM_String, unsigned char addr, unsigned char num)
 178          {
C51 COMPILER V9.56.0.0   BSP_IIC                                                           03/08/2021 16:01:56 PAGE 4   

 179   1        IIC_Start();
 180   1        IIC_SendByte(0xA0);
 181   1        IIC_WaitAck();
 182   1        
 183   1        IIC_SendByte(addr);
 184   1        IIC_WaitAck();  
 185   1        
 186   1        while(num--)
 187   1        {
 188   2          IIC_SendByte(*EEPROM_String++); 
 189   2          IIC_WaitAck();  
 190   2          IIC_Delay(200);
 191   2        }
 192   1        IIC_Stop();
 193   1      }
 194          
 195          
 196          


MODULE INFORMATION:   STATIC OVERLAYABLE
   CODE SIZE        =    367    ----
   CONSTANT SIZE    =   ----    ----
   XDATA SIZE       =   ----    ----
   PDATA SIZE       =   ----    ----
   DATA SIZE        =   ----      10
   IDATA SIZE       =   ----    ----
   BIT SIZE         =   ----       2
END OF MODULE INFORMATION.


C51 COMPILATION COMPLETE.  0 WARNING(S),  0 ERROR(S)
