C51 COMPILER V9.56.0.0   BSP_KEY                                                           03/08/2021 13:10:51 PAGE 1   


C51 COMPILER V9.56.0.0, COMPILATION OF MODULE BSP_KEY
OBJECT MODULE PLACED IN .\Objects\bsp_key.obj
COMPILER INVOKED BY: D:\10.1 keil51\C51\BIN\C51.EXE ..\Driver\bsp_key.c OPTIMIZE(8,SPEED) BROWSE INCDIR(..\Driver;..\Sys
                    -) DEBUG OBJECTEXTEND PRINT(.\Listings\bsp_key.lst) TABS(2) OBJECT(.\Objects\bsp_key.obj)

line level    source

   1          #include "bsp_key.h"
   2          
   3          
   4          unsigned char Key_Read_BTN(void)//¶ÀÁ¢°´¼ü
   5          {
   6   1        unsigned char Key_Value;
   7   1        
   8   1        if(P30 == 0) Key_Value = 7;
   9   1        else  if(P31 == 0) Key_Value = 6;
  10   1        else  if(P32 == 0) Key_Value = 5;
  11   1        else  if(P33 == 0) Key_Value = 4;
  12   1        else Key_Value = 0;
  13   1      
  14   1        return Key_Value;
  15   1      }
  16          
  17          
  18          unsigned char Key_Read(void)//¾ØÕó¼üÅÌ
  19          {
  20   1        unsigned int Key_New;
  21   1        unsigned char Key_Value;
  22   1        
  23   1        P44 = 0;P42 = 1;P35 = 1;P34 = 1;
  24   1        Key_New = P3 & 0X0F;
  25   1        
  26   1        P44 = 1;P42 = 0;P35 = 1;P34 = 1;
  27   1        Key_New = (Key_New<<4)|(P3 & 0X0F);
  28   1        
  29   1        P44 = 1;P42 = 1;P35 = 0;P34 = 1;
  30   1        Key_New = (Key_New<<4)|(P3 & 0X0F);
  31   1        
  32   1        P44 = 1;P42 = 1;P35 = 1;P34 = 0;
  33   1        Key_New = (Key_New<<4)|(P3 & 0X0F);
  34   1        
  35   1        switch(~Key_New)
  36   1        {
  37   2          case 0x8000: Key_Value = 4; break;
  38   2          case 0x4000: Key_Value = 5; break;  
  39   2          case 0x2000: Key_Value = 6; break;  
  40   2          case 0x1000: Key_Value = 7; break;  
  41   2        
  42   2          case 0x0800: Key_Value = 8; break;
  43   2          case 0x0400: Key_Value = 9; break;  
  44   2          case 0x0200: Key_Value = 10; break; 
  45   2          case 0x0100: Key_Value = 11; break; 
  46   2      
  47   2          case 0x0080: Key_Value = 12; break;
  48   2          case 0x0040: Key_Value = 13; break; 
  49   2          case 0x0020: Key_Value = 14; break; 
  50   2          case 0x0010: Key_Value = 15; break;     
  51   2        
  52   2          case 0x0008: Key_Value = 16; break;
  53   2          case 0x0004: Key_Value = 17; break; 
  54   2          case 0x0002: Key_Value = 18; break; 
C51 COMPILER V9.56.0.0   BSP_KEY                                                           03/08/2021 13:10:51 PAGE 2   

  55   2          case 0x0001: Key_Value = 19; break;     
  56   2          default :  Key_Value = 0;
  57   2        }
  58   1        
  59   1        return Key_Value;
  60   1        
  61   1      }
  62          


MODULE INFORMATION:   STATIC OVERLAYABLE
   CODE SIZE        =    294    ----
   CONSTANT SIZE    =   ----    ----
   XDATA SIZE       =   ----    ----
   PDATA SIZE       =   ----    ----
   DATA SIZE        =   ----       1
   IDATA SIZE       =   ----    ----
   BIT SIZE         =   ----    ----
END OF MODULE INFORMATION.


C51 COMPILATION COMPLETE.  0 WARNING(S),  0 ERROR(S)
